2013-12-20 15:01:24 =ERROR REPORT====
Error in process <0.209.0> with exit value: {badarg,[{ets,lookup_element,[cowboy_clock,rfc1123,2],[]},{cowboy_clock,rfc1123,0,[{file,"src/cowboy_clock.erl"},{line,62}]},{cowboy_req,reply_no_compress,8,[{file,"src/cowboy_req.erl"},{line,1056}]},{cowboy_req,reply,4,[{file... 

2013-12-20 15:01:24 =ERROR REPORT====
Ranch listener exmud_http_listener had connection process started with cowboy_protocol:start_link/4 at <0.209.0> exit with reason: {badarg,[{ets,lookup_element,[cowboy_clock,rfc1123,2],[]},{cowboy_clock,rfc1123,0,[{file,"src/cowboy_clock.erl"},{line,62}]},{cowboy_req,reply_no_compress,8,[{file,"src/cowboy_req.erl"},{line,1056}]},{cowboy_req,reply,4,[{file,"src/cowboy_req.erl"},{line,1009}]},{cowboy_req,maybe_reply,2,[{file,"src/cowboy_req.erl"},{line,1124}]},{cowboy_protocol,error_terminate,3,[{file,"src/cowboy_protocol.erl"},{line,591}]}]}
2013-12-20 15:02:31 =CRASH REPORT====
  crasher:
    initial call: application_master:init/4
    pid: <0.70.0>
    registered_name: []
    exception exit: {{bad_return,{{'Elixir.ExmudWeb',start,[normal,[]]},{'EXIT',{undef,[{ranch,start,[],[]},{'Elixir.ExmudWeb',start,2,[{file,"/Users/copenhas/code/exmud/apps/exmud_web/lib/exmud_web.ex"},{line,9}]},{application_master,start_it_old,4,[{file,"application_master.erl"},{line,269}]}]}}}},[{application_master,init,4,[{file,"application_master.erl"},{line,133}]},{proc_lib,init_p_do_apply,3,[{file,"proc_lib.erl"},{line,239}]}]}
    ancestors: [<0.69.0>]
    messages: [{'EXIT',<0.71.0>,normal}]
    links: [<0.69.0>,<0.7.0>]
    dictionary: []
    trap_exit: true
    status: running
    heap_size: 610
    stack_size: 27
    reductions: 123
  neighbours:
2013-12-20 15:10:30 =CRASH REPORT====
  crasher:
    initial call: application_master:init/4
    pid: <0.70.0>
    registered_name: []
    exception exit: {{bad_return,{{'Elixir.ExmudWeb',start,[normal,[]]},{'EXIT',{{badmatch,{error,{not_started,cowlib}}},[{'Elixir.ExmudWeb',start,2,[{file,"/Users/copenhas/code/exmud/apps/exmud_web/lib/exmud_web.ex"},{line,11}]},{application_master,start_it_old,4,[{file,"application_master.erl"},{line,269}]}]}}}},[{application_master,init,4,[{file,"application_master.erl"},{line,133}]},{proc_lib,init_p_do_apply,3,[{file,"proc_lib.erl"},{line,239}]}]}
    ancestors: [<0.69.0>]
    messages: [{'EXIT',<0.71.0>,normal}]
    links: [<0.69.0>,<0.7.0>]
    dictionary: []
    trap_exit: true
    status: running
    heap_size: 610
    stack_size: 27
    reductions: 123
  neighbours:
2013-12-20 15:10:45 =CRASH REPORT====
  crasher:
    initial call: application_master:init/4
    pid: <0.70.0>
    registered_name: []
    exception exit: {{bad_return,{{'Elixir.ExmudWeb',start,[normal,[]]},{'EXIT',{undef,[{ranch,start,[],[]},{'Elixir.ExmudWeb',start,2,[{file,"/Users/copenhas/code/exmud/apps/exmud_web/lib/exmud_web.ex"},{line,10}]},{application_master,start_it_old,4,[{file,"application_master.erl"},{line,269}]}]}}}},[{application_master,init,4,[{file,"application_master.erl"},{line,133}]},{proc_lib,init_p_do_apply,3,[{file,"proc_lib.erl"},{line,239}]}]}
    ancestors: [<0.69.0>]
    messages: [{'EXIT',<0.71.0>,normal}]
    links: [<0.69.0>,<0.7.0>]
    dictionary: []
    trap_exit: true
    status: running
    heap_size: 610
    stack_size: 27
    reductions: 123
  neighbours:
2013-12-20 15:10:51 =CRASH REPORT====
  crasher:
    initial call: application_master:init/4
    pid: <0.70.0>
    registered_name: []
    exception exit: {{bad_return,{{'Elixir.ExmudWeb',start,[normal,[]]},{'EXIT',{undef,[{ranch,start,[],[]},{'Elixir.ExmudWeb',start,2,[{file,"/Users/copenhas/code/exmud/apps/exmud_web/lib/exmud_web.ex"},{line,10}]},{application_master,start_it_old,4,[{file,"application_master.erl"},{line,269}]}]}}}},[{application_master,init,4,[{file,"application_master.erl"},{line,133}]},{proc_lib,init_p_do_apply,3,[{file,"proc_lib.erl"},{line,239}]}]}
    ancestors: [<0.69.0>]
    messages: [{'EXIT',<0.71.0>,normal}]
    links: [<0.69.0>,<0.7.0>]
    dictionary: []
    trap_exit: true
    status: running
    heap_size: 610
    stack_size: 27
    reductions: 123
  neighbours:
2013-12-20 15:10:54 =CRASH REPORT====
  crasher:
    initial call: application_master:init/4
    pid: <0.70.0>
    registered_name: []
    exception exit: {{bad_return,{{'Elixir.ExmudWeb',start,[normal,[]]},{'EXIT',{undef,[{ranch,start,[],[]},{'Elixir.ExmudWeb',start,2,[{file,"/Users/copenhas/code/exmud/apps/exmud_web/lib/exmud_web.ex"},{line,10}]},{application_master,start_it_old,4,[{file,"application_master.erl"},{line,269}]}]}}}},[{application_master,init,4,[{file,"application_master.erl"},{line,133}]},{proc_lib,init_p_do_apply,3,[{file,"proc_lib.erl"},{line,239}]}]}
    ancestors: [<0.69.0>]
    messages: [{'EXIT',<0.71.0>,normal}]
    links: [<0.69.0>,<0.7.0>]
    dictionary: []
    trap_exit: true
    status: running
    heap_size: 610
    stack_size: 27
    reductions: 123
  neighbours:
